/home/tiago/Ruby Scripts/twitterapi.rb:167:in `lookUpUsers': wrong number of arguments (1 for 2) (ArgumentError)
	from userid.rb:53:in `lookRandomUsers'
	from userid.rb:73:in `lookByIds'
	from userid.rb:84:in `<main>'
Credentials activated
122275608
1048688838
352456626
22224216
7898931
61356710
654402345
1221884865
1047506751
583024723
392011638
511131987
285060004
324785824
220951597
501068024
1039681622
545726138
1267144689
1082396513
299606967
1158793908
537653109
177337051
761207012
490463142
736461532
114593933
681496083
594999416
818487221
295234179
236527015
987748682
1216890883
700845835
781329371
1124271630
578858935
668317015
1314252267
888202192
64321819
561823157
1047801131
605603596
550146506
332597292
240760042
488854604
362560665
557058210
426120814
1038607036
1261318994
913156364
1063625773
973143643
31962345
900973757
446279010
316291043
748390587
1096818010
1268872791
1153166603
1039493906
889779670
1140996874
14306762
687485798
780025523
233789886
301239525
3546939
981074598
562182543
598967163
1271741895
902064292
738083863
247656385
688547599
1024101193
434690489
1285118157
1177268327
1375130534
934579101
713829306
911777849
634188002
353011253
780552521
1132626871
821810716
405899821
1009560644
1024366696
624318264
311511633
466453022
1166462192
895579124
1262477011
1373679465
809051986
780649399
464871560
672420511
209438872
455323356
101248591
1177798010
950034983
1146953484
512515212
62340918
161180044
43770510
257830353
1187519730
545102828
1006375837
855984344
988246958
1278828408
987589198
109721475
380110118
654374535
536466172
1189620698
978300548
257908665
1198444729
630222503
458501329
311603416
1150067100
1259172044
903453295
1337537417
1279276520
118669088
411471610
1244849936
236868699
1162047079
124755041
332975266
888038155
244533223
401568930
441245853
868206027
899534338
235855480
697048760
693770158
382193304
650422102
675318787
43774604
1048991762
292681604
559726344
661778895
1321408412
485612508
948557951
1014344372
589184575
902586574
1070376588
972063305
1044994500
487189172
727153601
1263558728
304605948
76042237
1005505267
755915556
42630664
1124742444
596859278
778482462
918516025
1062129624
1140601254
5670613
206334325
550394941
1187204177
832837164
370200566
1359992481
39577111
824900742
